<?xml version="1.0" encoding="UTF-8"?>
<!-- Generated by org.testng.reporters.JUnitXMLReporter -->
<testsuite ignored="0" hostname="LAPTOP-A2U9APN6" failures="0" tests="2" name="ParameterizedTestMethodOthers" time="240.056" errors="0" timestamp="2024-12-23T11:02:14 IST">
  <testcase classname="Enquiry.Adding_college_level_Enquiry" name="Creating_college_level_Enquiry" time="115.83"/>
  <testcase classname="Enquiry.Enrolling_Student_with_all_Modeofpayments" name="Enrolling_with_All_ModeofPayments" time="108.349"/>
</testsuite> <!-- ParameterizedTestMethodOthers -->
