<?xml version="1.0" encoding="UTF-8"?>
<!-- Generated by org.testng.reporters.JUnitXMLReporter -->
<testsuite ignored="0" hostname="LAPTOP-A2U9APN6" failures="1" tests="2" name="ParameterizedTestMethodCash" time="356.082" errors="0" timestamp="2024-12-11T15:17:01 IST">
  <testcase classname="Enquiry.Adding_college_level_Enquiry" name="Creating_college_level_Enquiry" time="207.114"/>
  <testcase classname="Enquiry.Enrolling_Student_with_all_Modeofpayments" name="Enrolling_with_All_ModeofPayments" time="116.78">
    <failure type="java.io.FileNotFoundException" message="C:\selenium\TEEMS_3.0\TeemsReceipt.pdf (The system cannot find the file specified)">
      <![CDATA[java.io.FileNotFoundException: C:\selenium\TEEMS_3.0\TeemsReceipt.pdf (The system cannot find the file specified)
at java.base/java.io.RandomAccessFile.open0(Native Method)
at java.base/java.io.RandomAccessFile.open(RandomAccessFile.java:344)
at java.base/java.io.RandomAccessFile.<init>(RandomAccessFile.java:259)
at java.base/java.io.RandomAccessFile.<init>(RandomAccessFile.java:213)
at org.apache.pdfbox.io.RandomAccessBufferedFileInputStream.<init>(RandomAccessBufferedFileInputStream.java:100)
at org.apache.pdfbox.pdmodel.PDDocument.load(PDDocument.java:1089)
at org.apache.pdfbox.pdmodel.PDDocument.load(PDDocument.java:1051)
at org.apache.pdfbox.pdmodel.PDDocument.load(PDDocument.java:999)
at Elements.Enrollement.validatetheRecipt(Enrollement.java:379)
at Enquiry.Enrolling_Student_with_all_Modeofpayments.Enrolling_with_All_ModeofPayments(Enrolling_Student_with_all_Modeofpayments.java:76)
at java.base/java.util.ArrayList.forEach(ArrayList.java:1511)
... Removed 27 stack frames]]>
    </failure>
  </testcase> <!-- Enrolling_with_All_ModeofPayments -->
</testsuite> <!-- ParameterizedTestMethodCash -->
