<?xml version="1.0" encoding="UTF-8"?>
<!-- Generated by org.testng.reporters.JUnitXMLReporter -->
<testsuite ignored="0" hostname="LAPTOP-A2U9APN6" failures="0" tests="2" name="ParameterizedTestMethodCreditCard" time="275.773" errors="0" timestamp="2024-12-23T10:45:30 IST">
  <testcase classname="Enquiry.Adding_college_level_Enquiry" name="Creating_college_level_Enquiry" time="121.415"/>
  <testcase classname="Enquiry.Enrolling_Student_with_all_Modeofpayments" name="Enrolling_with_All_ModeofPayments" time="138.363"/>
</testsuite> <!-- ParameterizedTestMethodCreditCard -->
