<?xml version="1.0" encoding="UTF-8"?>
<!-- Generated by org.testng.reporters.JUnitXMLReporter -->
<testsuite ignored="0" hostname="LAPTOP-A2U9APN6" failures="0" tests="5" name="Reports" time="521.167" errors="0" timestamp="2024-08-01T15:16:00 IST">
  <testcase classname="Reports.Receipt_Wise_Collection_Report" name="Receipt_Wise_Collection_Reports" time="73.333"/>
  <testcase classname="Reports.Revenue_Collection_Report" name="Revenue_Collection_Reports" time="76.173"/>
  <testcase classname="Reports.Subcourse_wise_Enrollment" name="Subcourse_wise_Enrollment_Reports" time="118.547"/>
  <testcase classname="Reports.SubCourse_Wise_Revenue_Report" name="SubCourse_Wise_Revenue_Reports" time="96.13"/>
  <testcase classname="Reports.Discount" name="Discounts" time="69.264"/>
</testsuite> <!-- Reports -->
