<?xml version="1.0" encoding="UTF-8"?>
<!-- Generated by org.testng.reporters.JUnitXMLReporter -->
<testsuite ignored="0" hostname="LAPTOP-A2U9APN6" failures="0" tests="2" name="Updating_Resume" time="89.753" errors="0" timestamp="2024-09-24T10:52:25 IST">
  <testcase classname="All_Flows.Update_Resume_Noukary" name="updating_Noukary_Resume" time="35.68"/>
  <testcase classname="All_Flows.Update_Resume_foundit" name="updating_Foundit_Resume" time="54.035"/>
</testsuite> <!-- Updating_Resume -->
