<?xml version="1.0" encoding="UTF-8"?>
<testng-results ignored="0" total="1" passed="1" failed="0" skipped="0">
  <reporter-output>
  </reporter-output>
  <suite started-at="2024-10-15T12:00:20 IST" name="Default suite" finished-at="2024-10-15T12:01:13 IST" duration-ms="52806">
    <groups>
    </groups>
    <test started-at="2024-10-15T12:00:20 IST" name="Default test" finished-at="2024-10-15T12:01:13 IST" duration-ms="52806">
      <class name="Reports.Receipt_Wise_Collection_Report">
        <test-method is-config="true" signature="TEEMSLOGIN()[pri:0, instance:Reports.Receipt_Wise_Collection_Report@6d4e5011]" started-at="2024-10-15T12:00:20 IST" name="TEEMSLOGIN" finished-at="2024-10-15T12:00:48 IST" duration-ms="27809" status="PASS">
          <reporter-output>
          </reporter-output>
        </test-method> <!-- TEEMSLOGIN -->
        <test-method signature="Receipt_Wise_Collection_Reports()[pri:0, instance:Reports.Receipt_Wise_Collection_Report@6d4e5011]" started-at="2024-10-15T12:00:48 IST" name="Receipt_Wise_Collection_Reports" finished-at="2024-10-15T12:01:13 IST" duration-ms="24957" status="PASS">
          <reporter-output>
          </reporter-output>
        </test-method> <!-- Receipt_Wise_Collection_Reports -->
      </class> <!-- Reports.Receipt_Wise_Collection_Report -->
    </test> <!-- Default test -->
  </suite> <!-- Default suite -->
</testng-results>
